2025-02-04 15:03:51,248 INFO o.a.j.u.JMeterUtils: Setting Locale to en_EN
2025-02-04 15:03:51,279 INFO o.a.j.JMeter: Loading user properties from: user.properties
2025-02-04 15:03:51,289 INFO o.a.j.JMeter: Loading system properties from: system.properties
2025-02-04 15:03:51,295 INFO o.a.j.JMeter: Copyright (c) 1998-2024 The Apache Software Foundation
2025-02-04 15:03:51,295 INFO o.a.j.JMeter: Version 5.6.3
2025-02-04 15:03:51,295 INFO o.a.j.JMeter: java.version=23.0.1
2025-02-04 15:03:51,295 INFO o.a.j.JMeter: java.vm.name=Java HotSpot(TM) 64-Bit Server VM
2025-02-04 15:03:51,295 INFO o.a.j.JMeter: os.name=Windows 11
2025-02-04 15:03:51,295 INFO o.a.j.JMeter: os.arch=amd64
2025-02-04 15:03:51,295 INFO o.a.j.JMeter: os.version=10.0
2025-02-04 15:03:51,295 INFO o.a.j.JMeter: file.encoding=UTF-8
2025-02-04 15:03:51,295 INFO o.a.j.JMeter: java.awt.headless=null
2025-02-04 15:03:51,295 INFO o.a.j.JMeter: Max memory     =1073741824
2025-02-04 15:03:51,295 INFO o.a.j.JMeter: Available Processors =8
2025-02-04 15:03:51,313 INFO o.a.j.JMeter: Default Locale=English (EN)
2025-02-04 15:03:51,313 INFO o.a.j.JMeter: JMeter  Locale=English (EN)
2025-02-04 15:03:51,313 INFO o.a.j.JMeter: JMeterHome=C:\Program Files (x86)\apache-jmeter-5.6.3
2025-02-04 15:03:51,313 INFO o.a.j.JMeter: user.dir  =C:\Program Files (x86)\apache-jmeter-5.6.3\bin
2025-02-04 15:03:51,313 INFO o.a.j.JMeter: PWD       =C:\Program Files (x86)\apache-jmeter-5.6.3\bin
2025-02-04 15:03:51,333 INFO o.a.j.JMeter: IP: 192.168.1.78 Name: Marquinhos FullName: Marquinhos
2025-02-04 15:03:51,343 INFO o.a.j.JMeter: Loaded icon properties from org/apache/jmeter/images/icon.properties
2025-02-04 15:03:51,650 INFO o.a.j.JMeterGuiLauncher: Setting LAF to: com.github.weisj.darklaf.DarkLaf:com.github.weisj.darklaf.theme.DarculaTheme
2025-02-04 15:04:05,646 INFO o.a.j.s.FileServer: Default base='C:\Program Files (x86)\apache-jmeter-5.6.3\bin'
2025-02-04 15:04:05,664 INFO o.a.j.g.a.Load: Loading file: C:\Program Files (x86)\apache-jmeter-5.6.3\bin\test-plan-1.jmx
2025-02-04 15:04:05,664 INFO o.a.j.s.FileServer: Set new base='C:\Program Files (x86)\apache-jmeter-5.6.3\bin'
2025-02-04 15:04:06,042 INFO o.a.j.s.SaveService: Testplan (JMX) version: 2.2. Testlog (JTL) version: 2.2
2025-02-04 15:04:06,089 INFO o.a.j.s.SaveService: Using SaveService properties version 5.0
2025-02-04 15:04:06,089 INFO o.a.j.s.SaveService: Using SaveService properties file encoding UTF-8
2025-02-04 15:04:06,089 INFO o.a.j.s.SaveService: Loading file: C:\Program Files (x86)\apache-jmeter-5.6.3\bin\test-plan-1.jmx
2025-02-04 15:04:06,122 INFO o.a.j.p.h.s.HTTPSamplerBase: Parser for text/html is org.apache.jmeter.protocol.http.parser.LagartoBasedHtmlParser
2025-02-04 15:04:06,122 INFO o.a.j.p.h.s.HTTPSamplerBase: Parser for application/xhtml+xml is org.apache.jmeter.protocol.http.parser.LagartoBasedHtmlParser
2025-02-04 15:04:06,122 INFO o.a.j.p.h.s.HTTPSamplerBase: Parser for application/xml is org.apache.jmeter.protocol.http.parser.LagartoBasedHtmlParser
2025-02-04 15:04:06,122 INFO o.a.j.p.h.s.HTTPSamplerBase: Parser for text/xml is org.apache.jmeter.protocol.http.parser.LagartoBasedHtmlParser
2025-02-04 15:04:06,122 INFO o.a.j.p.h.s.HTTPSamplerBase: Parser for text/vnd.wap.wml is org.apache.jmeter.protocol.http.parser.RegexpHTMLParser
2025-02-04 15:04:06,122 INFO o.a.j.p.h.s.HTTPSamplerBase: Parser for text/css is org.apache.jmeter.protocol.http.parser.CssParser
2025-02-04 15:04:06,471 INFO o.a.j.s.SampleResult: Note: Sample TimeStamps are START times
2025-02-04 15:04:06,471 INFO o.a.j.s.SampleResult: sampleresult.default.encoding is set to UTF-8
2025-02-04 15:04:06,471 INFO o.a.j.s.SampleResult: sampleresult.useNanoTime=true
2025-02-04 15:04:06,471 INFO o.a.j.s.SampleResult: sampleresult.nanoThreadSleep=5000
2025-02-04 15:04:06,912 INFO o.a.j.s.FileServer: Set new base='C:\Program Files (x86)\apache-jmeter-5.6.3\bin'
2025-02-04 15:04:16,259 INFO o.a.j.e.StandardJMeterEngine: Running the test!
2025-02-04 15:04:16,259 INFO o.a.j.s.SampleEvent: List of sample_variables: []
2025-02-04 15:04:16,259 INFO o.a.j.s.SampleEvent: List of sample_variables: []
2025-02-04 15:04:16,259 INFO o.a.j.e.u.CompoundVariable: Note: Function class names must contain the string: '.functions.'
2025-02-04 15:04:16,259 INFO o.a.j.e.u.CompoundVariable: Note: Function class names must not contain the string: '.gui.'
2025-02-04 15:04:16,323 INFO o.a.j.g.u.JMeterMenuBar: setRunning(true, *local*)
2025-02-04 15:04:16,372 INFO o.a.j.e.StandardJMeterEngine: Starting ThreadGroup: 1 : Teste Página Principal
2025-02-04 15:04:16,372 INFO o.a.j.e.StandardJMeterEngine: Starting 10 threads for group Teste Página Principal.
2025-02-04 15:04:16,372 INFO o.a.j.e.StandardJMeterEngine: Thread will continue on error
2025-02-04 15:04:16,372 INFO o.a.j.t.ThreadGroup: Starting thread group... number=1 threads=10 ramp-up=1 delayedStart=false
2025-02-04 15:04:16,378 INFO o.a.j.t.JMeterThread: Thread started: Teste Página Principal 1-1
2025-02-04 15:04:16,380 INFO o.a.j.t.ThreadGroup: Started thread group number 1
2025-02-04 15:04:16,381 INFO o.a.j.e.StandardJMeterEngine: All thread groups have been started
2025-02-04 15:04:16,394 INFO o.a.j.p.h.s.HTTPHCAbstractImpl: Local host = Marquinhos
2025-02-04 15:04:16,407 INFO o.a.j.p.h.s.HTTPHC4Impl: HTTP request retry count = 0
2025-02-04 15:04:16,488 INFO o.a.j.t.JMeterThread: Thread started: Teste Página Principal 1-2
2025-02-04 15:04:16,583 INFO o.a.j.t.JMeterThread: Thread started: Teste Página Principal 1-3
2025-02-04 15:04:16,674 INFO o.a.j.t.JMeterThread: Thread started: Teste Página Principal 1-4
2025-02-04 15:04:16,774 INFO o.a.j.t.JMeterThread: Thread started: Teste Página Principal 1-5
2025-02-04 15:04:16,874 INFO o.a.j.t.JMeterThread: Thread started: Teste Página Principal 1-6
2025-02-04 15:04:16,974 INFO o.a.j.t.JMeterThread: Thread started: Teste Página Principal 1-7
2025-02-04 15:04:17,076 INFO o.a.j.t.JMeterThread: Thread started: Teste Página Principal 1-8
2025-02-04 15:04:17,173 INFO o.a.j.t.JMeterThread: Thread started: Teste Página Principal 1-9
2025-02-04 15:04:17,275 INFO o.a.j.t.JMeterThread: Thread started: Teste Página Principal 1-10
2025-02-04 15:04:17,600 INFO o.a.j.p.h.s.h.LazyLayeredConnectionSocketFactory: Setting up HTTPS TrustAll Socket Factory
2025-02-04 15:04:17,601 INFO o.a.j.u.JsseSSLManager: Using default SSL protocol: TLS
2025-02-04 15:04:17,601 INFO o.a.j.u.JsseSSLManager: SSL session context: per-thread
2025-02-04 15:04:17,728 INFO o.a.j.u.SSLManager: JmeterKeyStore Location:  type JKS
2025-02-04 15:04:17,733 INFO o.a.j.u.SSLManager: KeyStore created OK
2025-02-04 15:04:17,734 WARN o.a.j.u.SSLManager: Keystore file not found, loading empty keystore
2025-02-04 15:04:18,530 INFO o.a.j.t.JMeterThread: Thread is done: Teste Página Principal 1-2
2025-02-04 15:04:18,530 INFO o.a.j.t.JMeterThread: Thread finished: Teste Página Principal 1-2
2025-02-04 15:04:18,530 INFO o.a.j.t.JMeterThread: Thread is done: Teste Página Principal 1-1
2025-02-04 15:04:18,530 INFO o.a.j.t.JMeterThread: Thread finished: Teste Página Principal 1-1
2025-02-04 15:04:18,540 INFO o.a.j.t.JMeterThread: Thread is done: Teste Página Principal 1-5
2025-02-04 15:04:18,540 INFO o.a.j.t.JMeterThread: Thread finished: Teste Página Principal 1-5
2025-02-04 15:04:18,541 INFO o.a.j.t.JMeterThread: Thread is done: Teste Página Principal 1-10
2025-02-04 15:04:18,541 INFO o.a.j.t.JMeterThread: Thread finished: Teste Página Principal 1-10
2025-02-04 15:04:18,554 INFO o.a.j.t.JMeterThread: Thread is done: Teste Página Principal 1-4
2025-02-04 15:04:18,554 INFO o.a.j.t.JMeterThread: Thread finished: Teste Página Principal 1-4
2025-02-04 15:04:18,556 INFO o.a.j.t.JMeterThread: Thread is done: Teste Página Principal 1-9
2025-02-04 15:04:18,556 INFO o.a.j.t.JMeterThread: Thread is done: Teste Página Principal 1-8
2025-02-04 15:04:18,556 INFO o.a.j.t.JMeterThread: Thread finished: Teste Página Principal 1-8
2025-02-04 15:04:18,556 INFO o.a.j.t.JMeterThread: Thread finished: Teste Página Principal 1-9
2025-02-04 15:04:18,556 INFO o.a.j.t.JMeterThread: Thread is done: Teste Página Principal 1-6
2025-02-04 15:04:18,556 INFO o.a.j.t.JMeterThread: Thread finished: Teste Página Principal 1-6
2025-02-04 15:04:18,556 INFO o.a.j.t.JMeterThread: Thread is done: Teste Página Principal 1-7
2025-02-04 15:04:18,558 INFO o.a.j.t.JMeterThread: Thread finished: Teste Página Principal 1-7
2025-02-04 15:04:18,560 INFO o.a.j.t.JMeterThread: Thread is done: Teste Página Principal 1-3
2025-02-04 15:04:18,560 INFO o.a.j.t.JMeterThread: Thread finished: Teste Página Principal 1-3
2025-02-04 15:04:18,560 INFO o.a.j.e.StandardJMeterEngine: Notifying test listeners of end of test
2025-02-04 15:04:18,560 INFO o.a.j.g.u.JMeterMenuBar: setRunning(false, *local*)
2025-02-04 15:04:51,848 INFO o.a.j.e.StandardJMeterEngine: Running the test!
2025-02-04 15:04:51,848 INFO o.a.j.s.SampleEvent: List of sample_variables: []
2025-02-04 15:04:51,848 INFO o.a.j.g.u.JMeterMenuBar: setRunning(true, *local*)
2025-02-04 15:04:51,894 INFO o.a.j.e.StandardJMeterEngine: Starting ThreadGroup: 1 : Teste Página Principal
2025-02-04 15:04:51,894 INFO o.a.j.e.StandardJMeterEngine: Starting 10 threads for group Teste Página Principal.
2025-02-04 15:04:51,894 INFO o.a.j.e.StandardJMeterEngine: Thread will continue on error
2025-02-04 15:04:51,894 INFO o.a.j.t.ThreadGroup: Starting thread group... number=1 threads=10 ramp-up=1 delayedStart=false
2025-02-04 15:04:51,894 INFO o.a.j.t.JMeterThread: Thread started: Teste Página Principal 1-1
2025-02-04 15:04:51,894 INFO o.a.j.t.ThreadGroup: Started thread group number 1
2025-02-04 15:04:51,894 INFO o.a.j.e.StandardJMeterEngine: All thread groups have been started
2025-02-04 15:04:52,005 INFO o.a.j.t.JMeterThread: Thread started: Teste Página Principal 1-2
2025-02-04 15:04:52,100 INFO o.a.j.t.JMeterThread: Thread started: Teste Página Principal 1-3
2025-02-04 15:04:52,199 INFO o.a.j.t.JMeterThread: Thread started: Teste Página Principal 1-4
2025-02-04 15:04:52,301 INFO o.a.j.t.JMeterThread: Thread started: Teste Página Principal 1-5
2025-02-04 15:04:52,400 INFO o.a.j.t.JMeterThread: Thread started: Teste Página Principal 1-6
2025-02-04 15:04:52,500 INFO o.a.j.t.JMeterThread: Thread started: Teste Página Principal 1-7
2025-02-04 15:04:52,601 INFO o.a.j.t.JMeterThread: Thread started: Teste Página Principal 1-8
2025-02-04 15:04:52,701 INFO o.a.j.t.JMeterThread: Thread started: Teste Página Principal 1-9
2025-02-04 15:04:52,802 INFO o.a.j.t.JMeterThread: Thread started: Teste Página Principal 1-10
2025-02-04 15:04:53,004 INFO o.a.j.t.JMeterThread: Thread is done: Teste Página Principal 1-1
2025-02-04 15:04:53,004 INFO o.a.j.t.JMeterThread: Thread finished: Teste Página Principal 1-1
2025-02-04 15:04:53,008 INFO o.a.j.t.JMeterThread: Thread is done: Teste Página Principal 1-6
2025-02-04 15:04:53,008 INFO o.a.j.t.JMeterThread: Thread finished: Teste Página Principal 1-6
2025-02-04 15:04:53,008 INFO o.a.j.t.JMeterThread: Thread is done: Teste Página Principal 1-8
2025-02-04 15:04:53,008 INFO o.a.j.t.JMeterThread: Thread finished: Teste Página Principal 1-8
2025-02-04 15:04:53,011 INFO o.a.j.t.JMeterThread: Thread is done: Teste Página Principal 1-7
2025-02-04 15:04:53,011 INFO o.a.j.t.JMeterThread: Thread finished: Teste Página Principal 1-7
2025-02-04 15:04:53,013 INFO o.a.j.t.JMeterThread: Thread is done: Teste Página Principal 1-2
2025-02-04 15:04:53,013 INFO o.a.j.t.JMeterThread: Thread finished: Teste Página Principal 1-2
2025-02-04 15:04:53,013 INFO o.a.j.t.JMeterThread: Thread is done: Teste Página Principal 1-5
2025-02-04 15:04:53,013 INFO o.a.j.t.JMeterThread: Thread is done: Teste Página Principal 1-4
2025-02-04 15:04:53,013 INFO o.a.j.t.JMeterThread: Thread finished: Teste Página Principal 1-5
2025-02-04 15:04:53,013 INFO o.a.j.t.JMeterThread: Thread finished: Teste Página Principal 1-4
2025-02-04 15:04:53,019 INFO o.a.j.t.JMeterThread: Thread is done: Teste Página Principal 1-3
2025-02-04 15:04:53,019 INFO o.a.j.t.JMeterThread: Thread finished: Teste Página Principal 1-3
2025-02-04 15:04:53,019 INFO o.a.j.t.JMeterThread: Thread is done: Teste Página Principal 1-9
2025-02-04 15:04:53,019 INFO o.a.j.t.JMeterThread: Thread finished: Teste Página Principal 1-9
2025-02-04 15:04:53,136 INFO o.a.j.t.JMeterThread: Thread is done: Teste Página Principal 1-10
2025-02-04 15:04:53,136 INFO o.a.j.t.JMeterThread: Thread finished: Teste Página Principal 1-10
2025-02-04 15:04:53,136 INFO o.a.j.e.StandardJMeterEngine: Notifying test listeners of end of test
2025-02-04 15:04:53,139 INFO o.a.j.g.u.JMeterMenuBar: setRunning(false, *local*)
2025-02-04 15:05:04,063 INFO o.a.j.e.StandardJMeterEngine: Running the test!
2025-02-04 15:05:04,063 INFO o.a.j.s.SampleEvent: List of sample_variables: []
2025-02-04 15:05:04,063 INFO o.a.j.g.u.JMeterMenuBar: setRunning(true, *local*)
2025-02-04 15:05:04,099 INFO o.a.j.e.StandardJMeterEngine: Starting ThreadGroup: 1 : Teste Página Principal
2025-02-04 15:05:04,110 INFO o.a.j.e.StandardJMeterEngine: Starting 10 threads for group Teste Página Principal.
2025-02-04 15:05:04,110 INFO o.a.j.e.StandardJMeterEngine: Thread will continue on error
2025-02-04 15:05:04,110 INFO o.a.j.t.ThreadGroup: Starting thread group... number=1 threads=10 ramp-up=1 delayedStart=false
2025-02-04 15:05:04,110 INFO o.a.j.t.JMeterThread: Thread started: Teste Página Principal 1-1
2025-02-04 15:05:04,115 INFO o.a.j.t.ThreadGroup: Started thread group number 1
2025-02-04 15:05:04,115 INFO o.a.j.e.StandardJMeterEngine: All thread groups have been started
2025-02-04 15:05:04,161 ERROR o.a.j.t.JMeterThread: Exception processing Assertion.
java.lang.NumberFormatException: For input string: ""
	at java.base/java.lang.NumberFormatException.forInputString(NumberFormatException.java:67) ~[?:?]
	at java.base/java.lang.Long.parseLong(Long.java:595) ~[?:?]
	at java.base/java.lang.Long.parseLong(Long.java:722) ~[?:?]
	at org.apache.jmeter.assertions.SizeAssertion.compareSize(SizeAssertion.java:179) ~[ApacheJMeter_components.jar:5.6.3]
	at org.apache.jmeter.assertions.SizeAssertion.getResult(SizeAssertion.java:99) ~[ApacheJMeter_components.jar:5.6.3]
	at org.apache.jmeter.threads.JMeterThread.processAssertion(JMeterThread.java:949) ~[ApacheJMeter_core.jar:5.6.3]
	at org.apache.jmeter.threads.JMeterThread.checkAssertions(JMeterThread.java:911) ~[ApacheJMeter_core.jar:5.6.3]
	at org.apache.jmeter.threads.JMeterThread.executeSamplePackage(JMeterThread.java:586) ~[ApacheJMeter_core.jar:5.6.3]
	at org.apache.jmeter.threads.JMeterThread.processSampler(JMeterThread.java:501) ~[ApacheJMeter_core.jar:5.6.3]
	at org.apache.jmeter.threads.JMeterThread.run(JMeterThread.java:268) ~[ApacheJMeter_core.jar:5.6.3]
	at java.base/java.lang.Thread.run(Thread.java:1575) [?:?]
2025-02-04 15:05:04,192 INFO o.a.j.t.JMeterThread: Thread is done: Teste Página Principal 1-1
2025-02-04 15:05:04,192 INFO o.a.j.t.JMeterThread: Thread finished: Teste Página Principal 1-1
2025-02-04 15:05:04,221 INFO o.a.j.t.JMeterThread: Thread started: Teste Página Principal 1-2
2025-02-04 15:05:04,264 ERROR o.a.j.t.JMeterThread: Exception processing Assertion.
java.lang.NumberFormatException: For input string: ""
	at java.base/java.lang.NumberFormatException.forInputString(NumberFormatException.java:67) ~[?:?]
	at java.base/java.lang.Long.parseLong(Long.java:595) ~[?:?]
	at java.base/java.lang.Long.parseLong(Long.java:722) ~[?:?]
	at org.apache.jmeter.assertions.SizeAssertion.compareSize(SizeAssertion.java:179) ~[ApacheJMeter_components.jar:5.6.3]
	at org.apache.jmeter.assertions.SizeAssertion.getResult(SizeAssertion.java:99) ~[ApacheJMeter_components.jar:5.6.3]
	at org.apache.jmeter.threads.JMeterThread.processAssertion(JMeterThread.java:949) ~[ApacheJMeter_core.jar:5.6.3]
	at org.apache.jmeter.threads.JMeterThread.checkAssertions(JMeterThread.java:911) ~[ApacheJMeter_core.jar:5.6.3]
	at org.apache.jmeter.threads.JMeterThread.executeSamplePackage(JMeterThread.java:586) ~[ApacheJMeter_core.jar:5.6.3]
	at org.apache.jmeter.threads.JMeterThread.processSampler(JMeterThread.java:501) ~[ApacheJMeter_core.jar:5.6.3]
	at org.apache.jmeter.threads.JMeterThread.run(JMeterThread.java:268) ~[ApacheJMeter_core.jar:5.6.3]
	at java.base/java.lang.Thread.run(Thread.java:1575) [?:?]
2025-02-04 15:05:04,272 INFO o.a.j.t.JMeterThread: Thread is done: Teste Página Principal 1-2
2025-02-04 15:05:04,273 INFO o.a.j.t.JMeterThread: Thread finished: Teste Página Principal 1-2
2025-02-04 15:05:04,316 INFO o.a.j.t.JMeterThread: Thread started: Teste Página Principal 1-3
2025-02-04 15:05:04,362 ERROR o.a.j.t.JMeterThread: Exception processing Assertion.
java.lang.NumberFormatException: For input string: ""
	at java.base/java.lang.NumberFormatException.forInputString(NumberFormatException.java:67) ~[?:?]
	at java.base/java.lang.Long.parseLong(Long.java:595) ~[?:?]
	at java.base/java.lang.Long.parseLong(Long.java:722) ~[?:?]
	at org.apache.jmeter.assertions.SizeAssertion.compareSize(SizeAssertion.java:179) ~[ApacheJMeter_components.jar:5.6.3]
	at org.apache.jmeter.assertions.SizeAssertion.getResult(SizeAssertion.java:99) ~[ApacheJMeter_components.jar:5.6.3]
	at org.apache.jmeter.threads.JMeterThread.processAssertion(JMeterThread.java:949) ~[ApacheJMeter_core.jar:5.6.3]
	at org.apache.jmeter.threads.JMeterThread.checkAssertions(JMeterThread.java:911) ~[ApacheJMeter_core.jar:5.6.3]
	at org.apache.jmeter.threads.JMeterThread.executeSamplePackage(JMeterThread.java:586) ~[ApacheJMeter_core.jar:5.6.3]
	at org.apache.jmeter.threads.JMeterThread.processSampler(JMeterThread.java:501) ~[ApacheJMeter_core.jar:5.6.3]
	at org.apache.jmeter.threads.JMeterThread.run(JMeterThread.java:268) ~[ApacheJMeter_core.jar:5.6.3]
	at java.base/java.lang.Thread.run(Thread.java:1575) [?:?]
2025-02-04 15:05:04,368 INFO o.a.j.t.JMeterThread: Thread is done: Teste Página Principal 1-3
2025-02-04 15:05:04,369 INFO o.a.j.t.JMeterThread: Thread finished: Teste Página Principal 1-3
2025-02-04 15:05:04,414 INFO o.a.j.t.JMeterThread: Thread started: Teste Página Principal 1-4
2025-02-04 15:05:04,460 ERROR o.a.j.t.JMeterThread: Exception processing Assertion.
java.lang.NumberFormatException: For input string: ""
	at java.base/java.lang.NumberFormatException.forInputString(NumberFormatException.java:67) ~[?:?]
	at java.base/java.lang.Long.parseLong(Long.java:595) ~[?:?]
	at java.base/java.lang.Long.parseLong(Long.java:722) ~[?:?]
	at org.apache.jmeter.assertions.SizeAssertion.compareSize(SizeAssertion.java:179) ~[ApacheJMeter_components.jar:5.6.3]
	at org.apache.jmeter.assertions.SizeAssertion.getResult(SizeAssertion.java:99) ~[ApacheJMeter_components.jar:5.6.3]
	at org.apache.jmeter.threads.JMeterThread.processAssertion(JMeterThread.java:949) ~[ApacheJMeter_core.jar:5.6.3]
	at org.apache.jmeter.threads.JMeterThread.checkAssertions(JMeterThread.java:911) ~[ApacheJMeter_core.jar:5.6.3]
	at org.apache.jmeter.threads.JMeterThread.executeSamplePackage(JMeterThread.java:586) ~[ApacheJMeter_core.jar:5.6.3]
	at org.apache.jmeter.threads.JMeterThread.processSampler(JMeterThread.java:501) ~[ApacheJMeter_core.jar:5.6.3]
	at org.apache.jmeter.threads.JMeterThread.run(JMeterThread.java:268) ~[ApacheJMeter_core.jar:5.6.3]
	at java.base/java.lang.Thread.run(Thread.java:1575) [?:?]
2025-02-04 15:05:04,467 INFO o.a.j.t.JMeterThread: Thread is done: Teste Página Principal 1-4
2025-02-04 15:05:04,467 INFO o.a.j.t.JMeterThread: Thread finished: Teste Página Principal 1-4
2025-02-04 15:05:04,521 INFO o.a.j.t.JMeterThread: Thread started: Teste Página Principal 1-5
2025-02-04 15:05:04,569 ERROR o.a.j.t.JMeterThread: Exception processing Assertion.
java.lang.NumberFormatException: For input string: ""
	at java.base/java.lang.NumberFormatException.forInputString(NumberFormatException.java:67) ~[?:?]
	at java.base/java.lang.Long.parseLong(Long.java:595) ~[?:?]
	at java.base/java.lang.Long.parseLong(Long.java:722) ~[?:?]
	at org.apache.jmeter.assertions.SizeAssertion.compareSize(SizeAssertion.java:179) ~[ApacheJMeter_components.jar:5.6.3]
	at org.apache.jmeter.assertions.SizeAssertion.getResult(SizeAssertion.java:99) ~[ApacheJMeter_components.jar:5.6.3]
	at org.apache.jmeter.threads.JMeterThread.processAssertion(JMeterThread.java:949) ~[ApacheJMeter_core.jar:5.6.3]
	at org.apache.jmeter.threads.JMeterThread.checkAssertions(JMeterThread.java:911) ~[ApacheJMeter_core.jar:5.6.3]
	at org.apache.jmeter.threads.JMeterThread.executeSamplePackage(JMeterThread.java:586) ~[ApacheJMeter_core.jar:5.6.3]
	at org.apache.jmeter.threads.JMeterThread.processSampler(JMeterThread.java:501) ~[ApacheJMeter_core.jar:5.6.3]
	at org.apache.jmeter.threads.JMeterThread.run(JMeterThread.java:268) ~[ApacheJMeter_core.jar:5.6.3]
	at java.base/java.lang.Thread.run(Thread.java:1575) [?:?]
2025-02-04 15:05:04,574 INFO o.a.j.t.JMeterThread: Thread is done: Teste Página Principal 1-5
2025-02-04 15:05:04,575 INFO o.a.j.t.JMeterThread: Thread finished: Teste Página Principal 1-5
2025-02-04 15:05:04,616 INFO o.a.j.t.JMeterThread: Thread started: Teste Página Principal 1-6
2025-02-04 15:05:04,651 ERROR o.a.j.t.JMeterThread: Exception processing Assertion.
java.lang.NumberFormatException: For input string: ""
	at java.base/java.lang.NumberFormatException.forInputString(NumberFormatException.java:67) ~[?:?]
	at java.base/java.lang.Long.parseLong(Long.java:595) ~[?:?]
	at java.base/java.lang.Long.parseLong(Long.java:722) ~[?:?]
	at org.apache.jmeter.assertions.SizeAssertion.compareSize(SizeAssertion.java:179) ~[ApacheJMeter_components.jar:5.6.3]
	at org.apache.jmeter.assertions.SizeAssertion.getResult(SizeAssertion.java:99) ~[ApacheJMeter_components.jar:5.6.3]
	at org.apache.jmeter.threads.JMeterThread.processAssertion(JMeterThread.java:949) ~[ApacheJMeter_core.jar:5.6.3]
	at org.apache.jmeter.threads.JMeterThread.checkAssertions(JMeterThread.java:911) ~[ApacheJMeter_core.jar:5.6.3]
	at org.apache.jmeter.threads.JMeterThread.executeSamplePackage(JMeterThread.java:586) ~[ApacheJMeter_core.jar:5.6.3]
	at org.apache.jmeter.threads.JMeterThread.processSampler(JMeterThread.java:501) ~[ApacheJMeter_core.jar:5.6.3]
	at org.apache.jmeter.threads.JMeterThread.run(JMeterThread.java:268) ~[ApacheJMeter_core.jar:5.6.3]
	at java.base/java.lang.Thread.run(Thread.java:1575) [?:?]
2025-02-04 15:05:04,660 INFO o.a.j.t.JMeterThread: Thread is done: Teste Página Principal 1-6
2025-02-04 15:05:04,660 INFO o.a.j.t.JMeterThread: Thread finished: Teste Página Principal 1-6
2025-02-04 15:05:04,715 INFO o.a.j.t.JMeterThread: Thread started: Teste Página Principal 1-7
2025-02-04 15:05:04,759 ERROR o.a.j.t.JMeterThread: Exception processing Assertion.
java.lang.NumberFormatException: For input string: ""
	at java.base/java.lang.NumberFormatException.forInputString(NumberFormatException.java:67) ~[?:?]
	at java.base/java.lang.Long.parseLong(Long.java:595) ~[?:?]
	at java.base/java.lang.Long.parseLong(Long.java:722) ~[?:?]
	at org.apache.jmeter.assertions.SizeAssertion.compareSize(SizeAssertion.java:179) ~[ApacheJMeter_components.jar:5.6.3]
	at org.apache.jmeter.assertions.SizeAssertion.getResult(SizeAssertion.java:99) ~[ApacheJMeter_components.jar:5.6.3]
	at org.apache.jmeter.threads.JMeterThread.processAssertion(JMeterThread.java:949) ~[ApacheJMeter_core.jar:5.6.3]
	at org.apache.jmeter.threads.JMeterThread.checkAssertions(JMeterThread.java:911) ~[ApacheJMeter_core.jar:5.6.3]
	at org.apache.jmeter.threads.JMeterThread.executeSamplePackage(JMeterThread.java:586) ~[ApacheJMeter_core.jar:5.6.3]
	at org.apache.jmeter.threads.JMeterThread.processSampler(JMeterThread.java:501) ~[ApacheJMeter_core.jar:5.6.3]
	at org.apache.jmeter.threads.JMeterThread.run(JMeterThread.java:268) ~[ApacheJMeter_core.jar:5.6.3]
	at java.base/java.lang.Thread.run(Thread.java:1575) [?:?]
2025-02-04 15:05:04,765 INFO o.a.j.t.JMeterThread: Thread is done: Teste Página Principal 1-7
2025-02-04 15:05:04,765 INFO o.a.j.t.JMeterThread: Thread finished: Teste Página Principal 1-7
2025-02-04 15:05:04,823 INFO o.a.j.t.JMeterThread: Thread started: Teste Página Principal 1-8
2025-02-04 15:05:04,866 ERROR o.a.j.t.JMeterThread: Exception processing Assertion.
java.lang.NumberFormatException: For input string: ""
	at java.base/java.lang.NumberFormatException.forInputString(NumberFormatException.java:67) ~[?:?]
	at java.base/java.lang.Long.parseLong(Long.java:595) ~[?:?]
	at java.base/java.lang.Long.parseLong(Long.java:722) ~[?:?]
	at org.apache.jmeter.assertions.SizeAssertion.compareSize(SizeAssertion.java:179) ~[ApacheJMeter_components.jar:5.6.3]
	at org.apache.jmeter.assertions.SizeAssertion.getResult(SizeAssertion.java:99) ~[ApacheJMeter_components.jar:5.6.3]
	at org.apache.jmeter.threads.JMeterThread.processAssertion(JMeterThread.java:949) ~[ApacheJMeter_core.jar:5.6.3]
	at org.apache.jmeter.threads.JMeterThread.checkAssertions(JMeterThread.java:911) ~[ApacheJMeter_core.jar:5.6.3]
	at org.apache.jmeter.threads.JMeterThread.executeSamplePackage(JMeterThread.java:586) ~[ApacheJMeter_core.jar:5.6.3]
	at org.apache.jmeter.threads.JMeterThread.processSampler(JMeterThread.java:501) ~[ApacheJMeter_core.jar:5.6.3]
	at org.apache.jmeter.threads.JMeterThread.run(JMeterThread.java:268) ~[ApacheJMeter_core.jar:5.6.3]
	at java.base/java.lang.Thread.run(Thread.java:1575) [?:?]
2025-02-04 15:05:04,874 INFO o.a.j.t.JMeterThread: Thread is done: Teste Página Principal 1-8
2025-02-04 15:05:04,874 INFO o.a.j.t.JMeterThread: Thread finished: Teste Página Principal 1-8
2025-02-04 15:05:04,918 INFO o.a.j.t.JMeterThread: Thread started: Teste Página Principal 1-9
2025-02-04 15:05:04,952 ERROR o.a.j.t.JMeterThread: Exception processing Assertion.
java.lang.NumberFormatException: For input string: ""
	at java.base/java.lang.NumberFormatException.forInputString(NumberFormatException.java:67) ~[?:?]
	at java.base/java.lang.Long.parseLong(Long.java:595) ~[?:?]
	at java.base/java.lang.Long.parseLong(Long.java:722) ~[?:?]
	at org.apache.jmeter.assertions.SizeAssertion.compareSize(SizeAssertion.java:179) ~[ApacheJMeter_components.jar:5.6.3]
	at org.apache.jmeter.assertions.SizeAssertion.getResult(SizeAssertion.java:99) ~[ApacheJMeter_components.jar:5.6.3]
	at org.apache.jmeter.threads.JMeterThread.processAssertion(JMeterThread.java:949) ~[ApacheJMeter_core.jar:5.6.3]
	at org.apache.jmeter.threads.JMeterThread.checkAssertions(JMeterThread.java:911) ~[ApacheJMeter_core.jar:5.6.3]
	at org.apache.jmeter.threads.JMeterThread.executeSamplePackage(JMeterThread.java:586) ~[ApacheJMeter_core.jar:5.6.3]
	at org.apache.jmeter.threads.JMeterThread.processSampler(JMeterThread.java:501) ~[ApacheJMeter_core.jar:5.6.3]
	at org.apache.jmeter.threads.JMeterThread.run(JMeterThread.java:268) ~[ApacheJMeter_core.jar:5.6.3]
	at java.base/java.lang.Thread.run(Thread.java:1575) [?:?]
2025-02-04 15:05:04,957 INFO o.a.j.t.JMeterThread: Thread is done: Teste Página Principal 1-9
2025-02-04 15:05:04,957 INFO o.a.j.t.JMeterThread: Thread finished: Teste Página Principal 1-9
2025-02-04 15:05:05,012 INFO o.a.j.t.JMeterThread: Thread started: Teste Página Principal 1-10
2025-02-04 15:05:05,080 ERROR o.a.j.t.JMeterThread: Exception processing Assertion.
java.lang.NumberFormatException: For input string: ""
	at java.base/java.lang.NumberFormatException.forInputString(NumberFormatException.java:67) ~[?:?]
	at java.base/java.lang.Long.parseLong(Long.java:595) ~[?:?]
	at java.base/java.lang.Long.parseLong(Long.java:722) ~[?:?]
	at org.apache.jmeter.assertions.SizeAssertion.compareSize(SizeAssertion.java:179) ~[ApacheJMeter_components.jar:5.6.3]
	at org.apache.jmeter.assertions.SizeAssertion.getResult(SizeAssertion.java:99) ~[ApacheJMeter_components.jar:5.6.3]
	at org.apache.jmeter.threads.JMeterThread.processAssertion(JMeterThread.java:949) ~[ApacheJMeter_core.jar:5.6.3]
	at org.apache.jmeter.threads.JMeterThread.checkAssertions(JMeterThread.java:911) ~[ApacheJMeter_core.jar:5.6.3]
	at org.apache.jmeter.threads.JMeterThread.executeSamplePackage(JMeterThread.java:586) ~[ApacheJMeter_core.jar:5.6.3]
	at org.apache.jmeter.threads.JMeterThread.processSampler(JMeterThread.java:501) ~[ApacheJMeter_core.jar:5.6.3]
	at org.apache.jmeter.threads.JMeterThread.run(JMeterThread.java:268) ~[ApacheJMeter_core.jar:5.6.3]
	at java.base/java.lang.Thread.run(Thread.java:1575) [?:?]
2025-02-04 15:05:05,091 INFO o.a.j.t.JMeterThread: Thread is done: Teste Página Principal 1-10
2025-02-04 15:05:05,091 INFO o.a.j.t.JMeterThread: Thread finished: Teste Página Principal 1-10
2025-02-04 15:05:05,091 INFO o.a.j.e.StandardJMeterEngine: Notifying test listeners of end of test
2025-02-04 15:05:05,091 INFO o.a.j.g.u.JMeterMenuBar: setRunning(false, *local*)
2025-02-04 15:05:16,000 INFO o.a.j.e.StandardJMeterEngine: Running the test!
2025-02-04 15:05:16,000 INFO o.a.j.s.SampleEvent: List of sample_variables: []
2025-02-04 15:05:16,000 INFO o.a.j.g.u.JMeterMenuBar: setRunning(true, *local*)
2025-02-04 15:05:16,041 INFO o.a.j.e.StandardJMeterEngine: Starting ThreadGroup: 1 : Teste Página Principal
2025-02-04 15:05:16,041 INFO o.a.j.e.StandardJMeterEngine: Starting 10 threads for group Teste Página Principal.
2025-02-04 15:05:16,041 INFO o.a.j.e.StandardJMeterEngine: Thread will continue on error
2025-02-04 15:05:16,041 INFO o.a.j.t.ThreadGroup: Starting thread group... number=1 threads=10 ramp-up=1 delayedStart=false
2025-02-04 15:05:16,041 INFO o.a.j.t.JMeterThread: Thread started: Teste Página Principal 1-1
2025-02-04 15:05:16,047 INFO o.a.j.t.ThreadGroup: Started thread group number 1
2025-02-04 15:05:16,047 INFO o.a.j.e.StandardJMeterEngine: All thread groups have been started
2025-02-04 15:05:16,092 ERROR o.a.j.t.JMeterThread: Exception processing Assertion.
java.lang.NumberFormatException: For input string: ""
	at java.base/java.lang.NumberFormatException.forInputString(NumberFormatException.java:67) ~[?:?]
	at java.base/java.lang.Long.parseLong(Long.java:595) ~[?:?]
	at java.base/java.lang.Long.parseLong(Long.java:722) ~[?:?]
	at org.apache.jmeter.assertions.SizeAssertion.compareSize(SizeAssertion.java:179) ~[ApacheJMeter_components.jar:5.6.3]
	at org.apache.jmeter.assertions.SizeAssertion.getResult(SizeAssertion.java:99) ~[ApacheJMeter_components.jar:5.6.3]
	at org.apache.jmeter.threads.JMeterThread.processAssertion(JMeterThread.java:949) ~[ApacheJMeter_core.jar:5.6.3]
	at org.apache.jmeter.threads.JMeterThread.checkAssertions(JMeterThread.java:911) ~[ApacheJMeter_core.jar:5.6.3]
	at org.apache.jmeter.threads.JMeterThread.executeSamplePackage(JMeterThread.java:586) ~[ApacheJMeter_core.jar:5.6.3]
	at org.apache.jmeter.threads.JMeterThread.processSampler(JMeterThread.java:501) ~[ApacheJMeter_core.jar:5.6.3]
	at org.apache.jmeter.threads.JMeterThread.run(JMeterThread.java:268) ~[ApacheJMeter_core.jar:5.6.3]
	at java.base/java.lang.Thread.run(Thread.java:1575) [?:?]
2025-02-04 15:05:16,092 INFO o.a.j.t.JMeterThread: Thread is done: Teste Página Principal 1-1
2025-02-04 15:05:16,092 INFO o.a.j.t.JMeterThread: Thread finished: Teste Página Principal 1-1
2025-02-04 15:05:16,157 INFO o.a.j.t.JMeterThread: Thread started: Teste Página Principal 1-2
2025-02-04 15:05:16,193 ERROR o.a.j.t.JMeterThread: Exception processing Assertion.
java.lang.NumberFormatException: For input string: ""
	at java.base/java.lang.NumberFormatException.forInputString(NumberFormatException.java:67) ~[?:?]
	at java.base/java.lang.Long.parseLong(Long.java:595) ~[?:?]
	at java.base/java.lang.Long.parseLong(Long.java:722) ~[?:?]
	at org.apache.jmeter.assertions.SizeAssertion.compareSize(SizeAssertion.java:179) ~[ApacheJMeter_components.jar:5.6.3]
	at org.apache.jmeter.assertions.SizeAssertion.getResult(SizeAssertion.java:99) ~[ApacheJMeter_components.jar:5.6.3]
	at org.apache.jmeter.threads.JMeterThread.processAssertion(JMeterThread.java:949) ~[ApacheJMeter_core.jar:5.6.3]
	at org.apache.jmeter.threads.JMeterThread.checkAssertions(JMeterThread.java:911) ~[ApacheJMeter_core.jar:5.6.3]
	at org.apache.jmeter.threads.JMeterThread.executeSamplePackage(JMeterThread.java:586) ~[ApacheJMeter_core.jar:5.6.3]
	at org.apache.jmeter.threads.JMeterThread.processSampler(JMeterThread.java:501) ~[ApacheJMeter_core.jar:5.6.3]
	at org.apache.jmeter.threads.JMeterThread.run(JMeterThread.java:268) ~[ApacheJMeter_core.jar:5.6.3]
	at java.base/java.lang.Thread.run(Thread.java:1575) [?:?]
2025-02-04 15:05:16,194 INFO o.a.j.t.JMeterThread: Thread is done: Teste Página Principal 1-2
2025-02-04 15:05:16,194 INFO o.a.j.t.JMeterThread: Thread finished: Teste Página Principal 1-2
2025-02-04 15:05:16,251 INFO o.a.j.t.JMeterThread: Thread started: Teste Página Principal 1-3
2025-02-04 15:05:16,286 ERROR o.a.j.t.JMeterThread: Exception processing Assertion.
java.lang.NumberFormatException: For input string: ""
	at java.base/java.lang.NumberFormatException.forInputString(NumberFormatException.java:67) ~[?:?]
	at java.base/java.lang.Long.parseLong(Long.java:595) ~[?:?]
	at java.base/java.lang.Long.parseLong(Long.java:722) ~[?:?]
	at org.apache.jmeter.assertions.SizeAssertion.compareSize(SizeAssertion.java:179) ~[ApacheJMeter_components.jar:5.6.3]
	at org.apache.jmeter.assertions.SizeAssertion.getResult(SizeAssertion.java:99) ~[ApacheJMeter_components.jar:5.6.3]
	at org.apache.jmeter.threads.JMeterThread.processAssertion(JMeterThread.java:949) ~[ApacheJMeter_core.jar:5.6.3]
	at org.apache.jmeter.threads.JMeterThread.checkAssertions(JMeterThread.java:911) ~[ApacheJMeter_core.jar:5.6.3]
	at org.apache.jmeter.threads.JMeterThread.executeSamplePackage(JMeterThread.java:586) ~[ApacheJMeter_core.jar:5.6.3]
	at org.apache.jmeter.threads.JMeterThread.processSampler(JMeterThread.java:501) ~[ApacheJMeter_core.jar:5.6.3]
	at org.apache.jmeter.threads.JMeterThread.run(JMeterThread.java:268) ~[ApacheJMeter_core.jar:5.6.3]
	at java.base/java.lang.Thread.run(Thread.java:1575) [?:?]
2025-02-04 15:05:16,287 INFO o.a.j.t.JMeterThread: Thread is done: Teste Página Principal 1-3
2025-02-04 15:05:16,287 INFO o.a.j.t.JMeterThread: Thread finished: Teste Página Principal 1-3
2025-02-04 15:05:16,347 INFO o.a.j.t.JMeterThread: Thread started: Teste Página Principal 1-4
2025-02-04 15:05:16,382 ERROR o.a.j.t.JMeterThread: Exception processing Assertion.
java.lang.NumberFormatException: For input string: ""
	at java.base/java.lang.NumberFormatException.forInputString(NumberFormatException.java:67) ~[?:?]
	at java.base/java.lang.Long.parseLong(Long.java:595) ~[?:?]
	at java.base/java.lang.Long.parseLong(Long.java:722) ~[?:?]
	at org.apache.jmeter.assertions.SizeAssertion.compareSize(SizeAssertion.java:179) ~[ApacheJMeter_components.jar:5.6.3]
	at org.apache.jmeter.assertions.SizeAssertion.getResult(SizeAssertion.java:99) ~[ApacheJMeter_components.jar:5.6.3]
	at org.apache.jmeter.threads.JMeterThread.processAssertion(JMeterThread.java:949) ~[ApacheJMeter_core.jar:5.6.3]
	at org.apache.jmeter.threads.JMeterThread.checkAssertions(JMeterThread.java:911) ~[ApacheJMeter_core.jar:5.6.3]
	at org.apache.jmeter.threads.JMeterThread.executeSamplePackage(JMeterThread.java:586) ~[ApacheJMeter_core.jar:5.6.3]
	at org.apache.jmeter.threads.JMeterThread.processSampler(JMeterThread.java:501) ~[ApacheJMeter_core.jar:5.6.3]
	at org.apache.jmeter.threads.JMeterThread.run(JMeterThread.java:268) ~[ApacheJMeter_core.jar:5.6.3]
	at java.base/java.lang.Thread.run(Thread.java:1575) [?:?]
2025-02-04 15:05:16,383 INFO o.a.j.t.JMeterThread: Thread is done: Teste Página Principal 1-4
2025-02-04 15:05:16,383 INFO o.a.j.t.JMeterThread: Thread finished: Teste Página Principal 1-4
2025-02-04 15:05:16,442 INFO o.a.j.t.JMeterThread: Thread started: Teste Página Principal 1-5
2025-02-04 15:05:16,487 ERROR o.a.j.t.JMeterThread: Exception processing Assertion.
java.lang.NumberFormatException: For input string: ""
	at java.base/java.lang.NumberFormatException.forInputString(NumberFormatException.java:67) ~[?:?]
	at java.base/java.lang.Long.parseLong(Long.java:595) ~[?:?]
	at java.base/java.lang.Long.parseLong(Long.java:722) ~[?:?]
	at org.apache.jmeter.assertions.SizeAssertion.compareSize(SizeAssertion.java:179) ~[ApacheJMeter_components.jar:5.6.3]
	at org.apache.jmeter.assertions.SizeAssertion.getResult(SizeAssertion.java:99) ~[ApacheJMeter_components.jar:5.6.3]
	at org.apache.jmeter.threads.JMeterThread.processAssertion(JMeterThread.java:949) ~[ApacheJMeter_core.jar:5.6.3]
	at org.apache.jmeter.threads.JMeterThread.checkAssertions(JMeterThread.java:911) ~[ApacheJMeter_core.jar:5.6.3]
	at org.apache.jmeter.threads.JMeterThread.executeSamplePackage(JMeterThread.java:586) ~[ApacheJMeter_core.jar:5.6.3]
	at org.apache.jmeter.threads.JMeterThread.processSampler(JMeterThread.java:501) ~[ApacheJMeter_core.jar:5.6.3]
	at org.apache.jmeter.threads.JMeterThread.run(JMeterThread.java:268) ~[ApacheJMeter_core.jar:5.6.3]
	at java.base/java.lang.Thread.run(Thread.java:1575) [?:?]
2025-02-04 15:05:16,488 INFO o.a.j.t.JMeterThread: Thread is done: Teste Página Principal 1-5
2025-02-04 15:05:16,488 INFO o.a.j.t.JMeterThread: Thread finished: Teste Página Principal 1-5
2025-02-04 15:05:16,543 INFO o.a.j.t.JMeterThread: Thread started: Teste Página Principal 1-6
2025-02-04 15:05:16,581 ERROR o.a.j.t.JMeterThread: Exception processing Assertion.
java.lang.NumberFormatException: For input string: ""
	at java.base/java.lang.NumberFormatException.forInputString(NumberFormatException.java:67) ~[?:?]
	at java.base/java.lang.Long.parseLong(Long.java:595) ~[?:?]
	at java.base/java.lang.Long.parseLong(Long.java:722) ~[?:?]
	at org.apache.jmeter.assertions.SizeAssertion.compareSize(SizeAssertion.java:179) ~[ApacheJMeter_components.jar:5.6.3]
	at org.apache.jmeter.assertions.SizeAssertion.getResult(SizeAssertion.java:99) ~[ApacheJMeter_components.jar:5.6.3]
	at org.apache.jmeter.threads.JMeterThread.processAssertion(JMeterThread.java:949) ~[ApacheJMeter_core.jar:5.6.3]
	at org.apache.jmeter.threads.JMeterThread.checkAssertions(JMeterThread.java:911) ~[ApacheJMeter_core.jar:5.6.3]
	at org.apache.jmeter.threads.JMeterThread.executeSamplePackage(JMeterThread.java:586) ~[ApacheJMeter_core.jar:5.6.3]
	at org.apache.jmeter.threads.JMeterThread.processSampler(JMeterThread.java:501) ~[ApacheJMeter_core.jar:5.6.3]
	at org.apache.jmeter.threads.JMeterThread.run(JMeterThread.java:268) ~[ApacheJMeter_core.jar:5.6.3]
	at java.base/java.lang.Thread.run(Thread.java:1575) [?:?]
2025-02-04 15:05:16,582 INFO o.a.j.t.JMeterThread: Thread is done: Teste Página Principal 1-6
2025-02-04 15:05:16,582 INFO o.a.j.t.JMeterThread: Thread finished: Teste Página Principal 1-6
2025-02-04 15:05:16,643 INFO o.a.j.t.JMeterThread: Thread started: Teste Página Principal 1-7
2025-02-04 15:05:16,701 ERROR o.a.j.t.JMeterThread: Exception processing Assertion.
java.lang.NumberFormatException: For input string: ""
	at java.base/java.lang.NumberFormatException.forInputString(NumberFormatException.java:67) ~[?:?]
	at java.base/java.lang.Long.parseLong(Long.java:595) ~[?:?]
	at java.base/java.lang.Long.parseLong(Long.java:722) ~[?:?]
	at org.apache.jmeter.assertions.SizeAssertion.compareSize(SizeAssertion.java:179) ~[ApacheJMeter_components.jar:5.6.3]
	at org.apache.jmeter.assertions.SizeAssertion.getResult(SizeAssertion.java:99) ~[ApacheJMeter_components.jar:5.6.3]
	at org.apache.jmeter.threads.JMeterThread.processAssertion(JMeterThread.java:949) ~[ApacheJMeter_core.jar:5.6.3]
	at org.apache.jmeter.threads.JMeterThread.checkAssertions(JMeterThread.java:911) ~[ApacheJMeter_core.jar:5.6.3]
	at org.apache.jmeter.threads.JMeterThread.executeSamplePackage(JMeterThread.java:586) ~[ApacheJMeter_core.jar:5.6.3]
	at org.apache.jmeter.threads.JMeterThread.processSampler(JMeterThread.java:501) ~[ApacheJMeter_core.jar:5.6.3]
	at org.apache.jmeter.threads.JMeterThread.run(JMeterThread.java:268) ~[ApacheJMeter_core.jar:5.6.3]
	at java.base/java.lang.Thread.run(Thread.java:1575) [?:?]
2025-02-04 15:05:16,702 INFO o.a.j.t.JMeterThread: Thread is done: Teste Página Principal 1-7
2025-02-04 15:05:16,702 INFO o.a.j.t.JMeterThread: Thread finished: Teste Página Principal 1-7
2025-02-04 15:05:16,743 INFO o.a.j.t.JMeterThread: Thread started: Teste Página Principal 1-8
2025-02-04 15:05:16,783 ERROR o.a.j.t.JMeterThread: Exception processing Assertion.
java.lang.NumberFormatException: For input string: ""
	at java.base/java.lang.NumberFormatException.forInputString(NumberFormatException.java:67) ~[?:?]
	at java.base/java.lang.Long.parseLong(Long.java:595) ~[?:?]
	at java.base/java.lang.Long.parseLong(Long.java:722) ~[?:?]
	at org.apache.jmeter.assertions.SizeAssertion.compareSize(SizeAssertion.java:179) ~[ApacheJMeter_components.jar:5.6.3]
	at org.apache.jmeter.assertions.SizeAssertion.getResult(SizeAssertion.java:99) ~[ApacheJMeter_components.jar:5.6.3]
	at org.apache.jmeter.threads.JMeterThread.processAssertion(JMeterThread.java:949) ~[ApacheJMeter_core.jar:5.6.3]
	at org.apache.jmeter.threads.JMeterThread.checkAssertions(JMeterThread.java:911) ~[ApacheJMeter_core.jar:5.6.3]
	at org.apache.jmeter.threads.JMeterThread.executeSamplePackage(JMeterThread.java:586) ~[ApacheJMeter_core.jar:5.6.3]
	at org.apache.jmeter.threads.JMeterThread.processSampler(JMeterThread.java:501) ~[ApacheJMeter_core.jar:5.6.3]
	at org.apache.jmeter.threads.JMeterThread.run(JMeterThread.java:268) ~[ApacheJMeter_core.jar:5.6.3]
	at java.base/java.lang.Thread.run(Thread.java:1575) [?:?]
2025-02-04 15:05:16,783 INFO o.a.j.t.JMeterThread: Thread is done: Teste Página Principal 1-8
2025-02-04 15:05:16,783 INFO o.a.j.t.JMeterThread: Thread finished: Teste Página Principal 1-8
2025-02-04 15:05:16,843 INFO o.a.j.t.JMeterThread: Thread started: Teste Página Principal 1-9
2025-02-04 15:05:16,880 ERROR o.a.j.t.JMeterThread: Exception processing Assertion.
java.lang.NumberFormatException: For input string: ""
	at java.base/java.lang.NumberFormatException.forInputString(NumberFormatException.java:67) ~[?:?]
	at java.base/java.lang.Long.parseLong(Long.java:595) ~[?:?]
	at java.base/java.lang.Long.parseLong(Long.java:722) ~[?:?]
	at org.apache.jmeter.assertions.SizeAssertion.compareSize(SizeAssertion.java:179) ~[ApacheJMeter_components.jar:5.6.3]
	at org.apache.jmeter.assertions.SizeAssertion.getResult(SizeAssertion.java:99) ~[ApacheJMeter_components.jar:5.6.3]
	at org.apache.jmeter.threads.JMeterThread.processAssertion(JMeterThread.java:949) ~[ApacheJMeter_core.jar:5.6.3]
	at org.apache.jmeter.threads.JMeterThread.checkAssertions(JMeterThread.java:911) ~[ApacheJMeter_core.jar:5.6.3]
	at org.apache.jmeter.threads.JMeterThread.executeSamplePackage(JMeterThread.java:586) ~[ApacheJMeter_core.jar:5.6.3]
	at org.apache.jmeter.threads.JMeterThread.processSampler(JMeterThread.java:501) ~[ApacheJMeter_core.jar:5.6.3]
	at org.apache.jmeter.threads.JMeterThread.run(JMeterThread.java:268) ~[ApacheJMeter_core.jar:5.6.3]
	at java.base/java.lang.Thread.run(Thread.java:1575) [?:?]
2025-02-04 15:05:16,881 INFO o.a.j.t.JMeterThread: Thread is done: Teste Página Principal 1-9
2025-02-04 15:05:16,881 INFO o.a.j.t.JMeterThread: Thread finished: Teste Página Principal 1-9
2025-02-04 15:05:16,943 INFO o.a.j.t.JMeterThread: Thread started: Teste Página Principal 1-10
2025-02-04 15:05:16,975 ERROR o.a.j.t.JMeterThread: Exception processing Assertion.
java.lang.NumberFormatException: For input string: ""
	at java.base/java.lang.NumberFormatException.forInputString(NumberFormatException.java:67) ~[?:?]
	at java.base/java.lang.Long.parseLong(Long.java:595) ~[?:?]
	at java.base/java.lang.Long.parseLong(Long.java:722) ~[?:?]
	at org.apache.jmeter.assertions.SizeAssertion.compareSize(SizeAssertion.java:179) ~[ApacheJMeter_components.jar:5.6.3]
	at org.apache.jmeter.assertions.SizeAssertion.getResult(SizeAssertion.java:99) ~[ApacheJMeter_components.jar:5.6.3]
	at org.apache.jmeter.threads.JMeterThread.processAssertion(JMeterThread.java:949) ~[ApacheJMeter_core.jar:5.6.3]
	at org.apache.jmeter.threads.JMeterThread.checkAssertions(JMeterThread.java:911) ~[ApacheJMeter_core.jar:5.6.3]
	at org.apache.jmeter.threads.JMeterThread.executeSamplePackage(JMeterThread.java:586) ~[ApacheJMeter_core.jar:5.6.3]
	at org.apache.jmeter.threads.JMeterThread.processSampler(JMeterThread.java:501) ~[ApacheJMeter_core.jar:5.6.3]
	at org.apache.jmeter.threads.JMeterThread.run(JMeterThread.java:268) ~[ApacheJMeter_core.jar:5.6.3]
	at java.base/java.lang.Thread.run(Thread.java:1575) [?:?]
2025-02-04 15:05:16,975 INFO o.a.j.t.JMeterThread: Thread is done: Teste Página Principal 1-10
2025-02-04 15:05:16,975 INFO o.a.j.t.JMeterThread: Thread finished: Teste Página Principal 1-10
2025-02-04 15:05:16,975 INFO o.a.j.e.StandardJMeterEngine: Notifying test listeners of end of test
2025-02-04 15:05:16,975 INFO o.a.j.g.u.JMeterMenuBar: setRunning(false, *local*)
2025-02-04 15:05:29,963 INFO o.a.j.e.StandardJMeterEngine: Running the test!
2025-02-04 15:05:29,963 INFO o.a.j.s.SampleEvent: List of sample_variables: []
2025-02-04 15:05:29,963 INFO o.a.j.g.u.JMeterMenuBar: setRunning(true, *local*)
2025-02-04 15:05:29,998 INFO o.a.j.e.StandardJMeterEngine: Starting ThreadGroup: 1 : Teste Página Principal
2025-02-04 15:05:29,998 INFO o.a.j.e.StandardJMeterEngine: Starting 10 threads for group Teste Página Principal.
2025-02-04 15:05:29,998 INFO o.a.j.e.StandardJMeterEngine: Thread will continue on error
2025-02-04 15:05:29,998 INFO o.a.j.t.ThreadGroup: Starting thread group... number=1 threads=10 ramp-up=1 delayedStart=false
2025-02-04 15:05:29,998 INFO o.a.j.t.JMeterThread: Thread started: Teste Página Principal 1-1
2025-02-04 15:05:30,008 INFO o.a.j.t.ThreadGroup: Started thread group number 1
2025-02-04 15:05:30,008 INFO o.a.j.e.StandardJMeterEngine: All thread groups have been started
2025-02-04 15:05:30,041 INFO o.a.j.t.JMeterThread: Thread is done: Teste Página Principal 1-1
2025-02-04 15:05:30,041 INFO o.a.j.t.JMeterThread: Thread finished: Teste Página Principal 1-1
2025-02-04 15:05:30,108 INFO o.a.j.t.JMeterThread: Thread started: Teste Página Principal 1-2
2025-02-04 15:05:30,148 INFO o.a.j.t.JMeterThread: Thread is done: Teste Página Principal 1-2
2025-02-04 15:05:30,148 INFO o.a.j.t.JMeterThread: Thread finished: Teste Página Principal 1-2
2025-02-04 15:05:30,208 INFO o.a.j.t.JMeterThread: Thread started: Teste Página Principal 1-3
2025-02-04 15:05:30,249 INFO o.a.j.t.JMeterThread: Thread is done: Teste Página Principal 1-3
2025-02-04 15:05:30,249 INFO o.a.j.t.JMeterThread: Thread finished: Teste Página Principal 1-3
2025-02-04 15:05:30,308 INFO o.a.j.t.JMeterThread: Thread started: Teste Página Principal 1-4
2025-02-04 15:05:30,341 INFO o.a.j.t.JMeterThread: Thread is done: Teste Página Principal 1-4
2025-02-04 15:05:30,341 INFO o.a.j.t.JMeterThread: Thread finished: Teste Página Principal 1-4
2025-02-04 15:05:30,421 INFO o.a.j.t.JMeterThread: Thread started: Teste Página Principal 1-5
2025-02-04 15:05:30,462 INFO o.a.j.t.JMeterThread: Thread is done: Teste Página Principal 1-5
2025-02-04 15:05:30,462 INFO o.a.j.t.JMeterThread: Thread finished: Teste Página Principal 1-5
2025-02-04 15:05:30,517 INFO o.a.j.t.JMeterThread: Thread started: Teste Página Principal 1-6
2025-02-04 15:05:30,553 INFO o.a.j.t.JMeterThread: Thread is done: Teste Página Principal 1-6
2025-02-04 15:05:30,554 INFO o.a.j.t.JMeterThread: Thread finished: Teste Página Principal 1-6
2025-02-04 15:05:30,613 INFO o.a.j.t.JMeterThread: Thread started: Teste Página Principal 1-7
2025-02-04 15:05:30,645 INFO o.a.j.t.JMeterThread: Thread is done: Teste Página Principal 1-7
2025-02-04 15:05:30,645 INFO o.a.j.t.JMeterThread: Thread finished: Teste Página Principal 1-7
2025-02-04 15:05:30,709 INFO o.a.j.t.JMeterThread: Thread started: Teste Página Principal 1-8
2025-02-04 15:05:30,741 INFO o.a.j.t.JMeterThread: Thread is done: Teste Página Principal 1-8
2025-02-04 15:05:30,741 INFO o.a.j.t.JMeterThread: Thread finished: Teste Página Principal 1-8
2025-02-04 15:05:30,806 INFO o.a.j.t.JMeterThread: Thread started: Teste Página Principal 1-9
2025-02-04 15:05:30,838 INFO o.a.j.t.JMeterThread: Thread is done: Teste Página Principal 1-9
2025-02-04 15:05:30,838 INFO o.a.j.t.JMeterThread: Thread finished: Teste Página Principal 1-9
2025-02-04 15:05:30,902 INFO o.a.j.t.JMeterThread: Thread started: Teste Página Principal 1-10
2025-02-04 15:05:30,934 INFO o.a.j.t.JMeterThread: Thread is done: Teste Página Principal 1-10
2025-02-04 15:05:30,934 INFO o.a.j.t.JMeterThread: Thread finished: Teste Página Principal 1-10
2025-02-04 15:05:30,939 INFO o.a.j.e.StandardJMeterEngine: Notifying test listeners of end of test
2025-02-04 15:05:30,939 INFO o.a.j.g.u.JMeterMenuBar: setRunning(false, *local*)
